<?xml version="1.0" encoding="UTF-8"?>
<testng-results skipped="0" failed="0" ignored="0" total="1" passed="1">
  <reporter-output>
  </reporter-output>
  <suite name="Default suite" duration-ms="74530" started-at="2023-06-22T16:25:08 IST" finished-at="2023-06-22T16:26:23 IST">
    <groups>
    </groups>
    <test name="Default test" duration-ms="74530" started-at="2023-06-22T16:25:08 IST" finished-at="2023-06-22T16:26:23 IST">
      <class name="com.qa.practiceTests.NaveenAutomationLabs">
        <test-method status="PASS" signature="first()[pri:0, instance:com.qa.practiceTests.NaveenAutomationLabs@10a035a0]" name="first" is-config="true" duration-ms="15540" started-at="2023-06-22T16:25:09 IST" finished-at="2023-06-22T16:25:24 IST">
          <reporter-output>
          </reporter-output>
        </test-method> <!-- first -->
        <test-method status="PASS" signature="ZooplaEx1()[pri:0, instance:com.qa.practiceTests.NaveenAutomationLabs@10a035a0]" name="ZooplaEx1" duration-ms="58845" started-at="2023-06-22T16:25:24 IST" finished-at="2023-06-22T16:26:23 IST">
          <reporter-output>
          </reporter-output>
        </test-method> <!-- ZooplaEx1 -->
      </class> <!-- com.qa.practiceTests.NaveenAutomationLabs -->
    </test> <!-- Default test -->
  </suite> <!-- Default suite -->
</testng-results>
